# JRE version: OpenJDK Runtime Environment (11.0.13) (build 11.0.13+0-b1751.21-8125866)
# Java VM: OpenJDK 64-Bit Server VM (11.0.13+0-b1751.21-8125866, mixed mode, tiered, compressed oops, g1 gc, windows-amd64)
Heap:
 garbage-first heap   total 287744K, used 211136K [0x0000000080000000, 0x0000000100000000)
  region size 1024K, 42 young (43008K), 1 survivors (1024K)
 Metaspace       used 121973K, capacity 124819K, committed 126640K, reserved 1159168K
  class space    used 14804K, capacity 15866K, committed 16384K, reserved 1048576K
GC Heap History (20 events):
Event: 2341.018 GC heap before
{Heap before GC invocations=71 (full 0):
 garbage-first heap   total 287744K, used 200768K [0x0000000080000000, 0x0000000100000000)
  region size 1024K, 14 young (14336K), 6 survivors (6144K)
 Metaspace       used 122362K, capacity 125809K, committed 126384K, reserved 1159168K
  class space    used 14951K, capacity 16157K, committed 16384K, reserved 1048576K
}
Event: 2341.053 GC heap after
{Heap after GC invocations=72 (full 0):
 garbage-first heap   total 287744K, used 178698K [0x0000000080000000, 0x0000000100000000)
  region size 1024K, 1 young (1024K), 1 survivors (1024K)
 Metaspace       used 122362K, capacity 125809K, committed 126384K, reserved 1159168K
  class space    used 14951K, capacity 16157K, committed 16384K, reserved 1048576K
}
Event: 2341.531 GC heap before
{Heap before GC invocations=72 (full 0):
 garbage-first heap   total 287744K, used 229898K [0x0000000080000000, 0x0000000100000000)
  region size 1024K, 51 young (52224K), 1 survivors (1024K)
 Metaspace       used 122363K, capacity 125809K, committed 126384K, reserved 1159168K
  class space    used 14951K, capacity 16157K, committed 16384K, reserved 1048576K
}
Event: 2341.541 GC heap after
{Heap after GC invocations=73 (full 0):
 garbage-first heap   total 287744K, used 178176K [0x0000000080000000, 0x0000000100000000)
  region size 1024K, 1 young (1024K), 1 survivors (1024K)
 Metaspace       used 122363K, capacity 125809K, committed 126384K, reserved 1159168K
  class space    used 14951K, capacity 16157K, committed 16384K, reserved 1048576K
}
Event: 2342.193 GC heap before
{Heap before GC invocations=74 (full 0):
 garbage-first heap   total 287744K, used 232448K [0x0000000080000000, 0x0000000100000000)
  region size 1024K, 54 young (55296K), 1 survivors (1024K)
 Metaspace       used 122366K, capacity 125809K, committed 126384K, reserved 1159168K
  class space    used 14951K, capacity 16157K, committed 16384K, reserved 1048576K
}
Event: 2342.199 GC heap after
{Heap after GC invocations=75 (full 0):
 garbage-first heap   total 287744K, used 178101K [0x0000000080000000, 0x0000000100000000)
  region size 1024K, 1 young (1024K), 1 survivors (1024K)
 Metaspace       used 122366K, capacity 125809K, committed 126384K, reserved 1159168K
  class space    used 14951K, capacity 16157K, committed 16384K, reserved 1048576K
}
Event: 2342.296 GC heap before
{Heap before GC invocations=75 (full 0):
 garbage-first heap   total 287744K, used 191413K [0x0000000080000000, 0x0000000100000000)
  region size 1024K, 14 young (14336K), 1 survivors (1024K)
 Metaspace       used 122368K, capacity 125809K, committed 126384K, reserved 1159168K
  class space    used 14951K, capacity 16157K, committed 16384K, reserved 1048576K
}
Event: 2342.301 GC heap after
{Heap after GC invocations=76 (full 0):
 garbage-first heap   total 287744K, used 177057K [0x0000000080000000, 0x0000000100000000)
  region size 1024K, 1 young (1024K), 1 survivors (1024K)
 Metaspace       used 122368K, capacity 125809K, committed 126384K, reserved 1159168K
  class space    used 14951K, capacity 16157K, committed 16384K, reserved 1048576K
}
Event: 2342.720 GC heap before
{Heap before GC invocations=76 (full 0):
 garbage-first heap   total 287744K, used 235425K [0x0000000080000000, 0x0000000100000000)
  region size 1024K, 58 young (59392K), 1 survivors (1024K)
 Metaspace       used 122384K, capacity 125809K, committed 126384K, reserved 1159168K
  class space    used 14952K, capacity 16157K, committed 16384K, reserved 1048576K
}
Event: 2342.725 GC heap after
{Heap after GC invocations=77 (full 0):
 garbage-first heap   total 287744K, used 177316K [0x0000000080000000, 0x0000000100000000)
  region size 1024K, 1 young (1024K), 1 survivors (1024K)
 Metaspace       used 122384K, capacity 125809K, committed 126384K, reserved 1159168K
  class space    used 14952K, capacity 16157K, committed 16384K, reserved 1048576K
}
Event: 2344.240 GC heap before
{Heap before GC invocations=78 (full 0):
 garbage-first heap   total 287744K, used 237732K [0x0000000080000000, 0x0000000100000000)
  region size 1024K, 60 young (61440K), 1 survivors (1024K)
 Metaspace       used 122468K, capacity 125937K, committed 126640K, reserved 1159168K
  class space    used 14952K, capacity 16157K, committed 16384K, reserved 1048576K
}
Event: 2344.250 GC heap after
{Heap after GC invocations=79 (full 0):
 garbage-first heap   total 287744K, used 177568K [0x0000000080000000, 0x0000000100000000)
  region size 1024K, 3 young (3072K), 3 survivors (3072K)
 Metaspace       used 122468K, capacity 125937K, committed 126640K, reserved 1159168K
  class space    used 14952K, capacity 16157K, committed 16384K, reserved 1048576K
}
Event: 2344.381 GC heap before
{Heap before GC invocations=79 (full 0):
 garbage-first heap   total 287744K, used 187808K [0x0000000080000000, 0x0000000100000000)
  region size 1024K, 14 young (14336K), 3 survivors (3072K)
 Metaspace       used 122473K, capacity 125937K, committed 126640K, reserved 1159168K
  class space    used 14952K, capacity 16157K, committed 16384K, reserved 1048576K
}
Event: 2344.391 GC heap after
{Heap after GC invocations=80 (full 0):
 garbage-first heap   total 287744K, used 177616K [0x0000000080000000, 0x0000000100000000)
  region size 1024K, 1 young (1024K), 1 survivors (1024K)
 Metaspace       used 122473K, capacity 125937K, committed 126640K, reserved 1159168K
  class space    used 14952K, capacity 16157K, committed 16384K, reserved 1048576K
}
Event: 4575.071 GC heap before
{Heap before GC invocations=80 (full 0):
 garbage-first heap   total 287744K, used 239056K [0x0000000080000000, 0x0000000100000000)
  region size 1024K, 61 young (62464K), 1 survivors (1024K)
 Metaspace       used 122699K, capacity 126188K, committed 126640K, reserved 1159168K
  class space    used 14994K, capacity 16234K, committed 16384K, reserved 1048576K
}
Event: 4575.085 GC heap after
{Heap after GC invocations=81 (full 0):
 garbage-first heap   total 287744K, used 178454K [0x0000000080000000, 0x0000000100000000)
  region size 1024K, 2 young (2048K), 2 survivors (2048K)
 Metaspace       used 122699K, capacity 126188K, committed 126640K, reserved 1159168K
  class space    used 14994K, capacity 16234K, committed 16384K, reserved 1048576K
}
Event: 6267.616 GC heap before
{Heap before GC invocations=82 (full 0):
 garbage-first heap   total 287744K, used 239894K [0x0000000080000000, 0x0000000100000000)
  region size 1024K, 63 young (64512K), 2 survivors (2048K)
 Metaspace       used 121557K, capacity 124302K, committed 126640K, reserved 1159168K
  class space    used 14768K, capacity 15799K, committed 16384K, reserved 1048576K
}
Event: 6267.635 GC heap after
{Heap after GC invocations=83 (full 0):
 garbage-first heap   total 287744K, used 182112K [0x0000000080000000, 0x0000000100000000)
  region size 1024K, 6 young (6144K), 6 survivors (6144K)
 Metaspace       used 121557K, capacity 124302K, committed 126640K, reserved 1159168K
  class space    used 14768K, capacity 15799K, committed 16384K, reserved 1048576K
}
Event: 6267.857 GC heap before
{Heap before GC invocations=83 (full 0):
 garbage-first heap   total 287744K, used 189280K [0x0000000080000000, 0x0000000100000000)
  region size 1024K, 14 young (14336K), 6 survivors (6144K)
 Metaspace       used 121562K, capacity 124308K, committed 126640K, reserved 1159168K
  class space    used 14768K, capacity 15800K, committed 16384K, reserved 1048576K
}
Event: 6267.937 GC heap after
{Heap after GC invocations=84 (full 0):
 garbage-first heap   total 287744K, used 170176K [0x0000000080000000, 0x0000000100000000)
  region size 1024K, 1 young (1024K), 1 survivors (1024K)
 Metaspace       used 121562K, capacity 124308K, committed 126640K, reserved 1159168K
  class space    used 14768K, capacity 15800K, committed 16384K, reserved 1048576K
}

